Sun Jan 18 13:55:13 2015
('parms:', 'rural.srt', 20, 30, ' - tot-sys-kda:', 2.192644483362522, 321.5393845414786, 40.86777583187391, 1142, ' - anon-only-kda:', 3.2988721804511276, 690.2217615533244, 79.28383458646617, 532, 115)
('parms:', 'rural.srt', 20, 60, ' - tot-sys-kda:', 2.1978984238178634, 318.99771012359156, 42.19439579684764, 1142, ' - anon-only-kda:', 3.301498127340824, 682.2010954328493, 82.38202247191012, 534, 115)
('parms:', 'rural.srt', 20, 90, ' - tot-sys-kda:', 2.1952714535901925, 319.7893498602225, 42.7723292469352, 1142, ' - anon-only-kda:', 3.292134831460674, 683.8940777909628, 83.19850187265918, 534, 115)
('parms:', 'rural.srt', 20, 120, ' - tot-sys-kda:', 2.1961471103327495, 322.00179265874186, 43.507880910683014, 1142, ' - anon-only-kda:', 3.297752808988764, 688.6255565848, 85.01310861423221, 534, 115)
('parms:', 'rural.srt', 20, 150, ' - tot-sys-kda:', 2.1943957968476355, 325.71729880543353, 44.155866900175134, 1142, ' - anon-only-kda:', 3.2934579439252336, 695.269449038888, 86.49532710280374, 535, 116)
('parms:', 'rural.srt', 40, 30, ' - tot-sys-kda:', 3.48861646234676, 409.71657978785936, 37.01488616462347, 1142, ' - anon-only-kda:', 6.12406015037594, 879.5043874393523, 79.07894736842105, 532, 115)
('parms:', 'rural.srt', 40, 60, ' - tot-sys-kda:', 3.501751313485114, 410.3154582804289, 38.166374781085814, 1142, ' - anon-only-kda:', 6.131086142322097, 877.4911111540259, 80.87453183520599, 534, 115)
('parms:', 'rural.srt', 40, 90, ' - tot-sys-kda:', 3.531523642732049, 406.884307271512, 38.83187390542907, 1142, ' - anon-only-kda:', 6.194756554307116, 870.1533312810237, 82.29026217228464, 534, 115)
('parms:', 'rural.srt', 40, 120, ' - tot-sys-kda:', 3.54553415061296, 407.9181749657648, 39.81260945709282, 1142, ' - anon-only-kda:', 6.224719101123595, 872.3643367245382, 84.39513108614233, 534, 115)
('parms:', 'rural.srt', 40, 150, ' - tot-sys-kda:', 3.5227670753064797, 408.23693003519645, 40.513134851138354, 1142, ' - anon-only-kda:', 6.164485981308411, 871.414157196625, 85.73271028037384, 535, 116)
('parms:', 'rural.srt', 60, 30, ' - tot-sys-kda:', 4.732049036777584, 438.00634039988785, 33.41593695271454, 1142, ' - anon-only-kda:', 8.795112781954888, 940.2316555200599, 71.7312030075188, 532, 115)
('parms:', 'rural.srt', 60, 60, ' - tot-sys-kda:', 4.7626970227670755, 443.29717758522816, 34.838879159369526, 1142, ' - anon-only-kda:', 8.831460674157304, 948.0250501916303, 74.50561797752809, 534, 115)
('parms:', 'rural.srt', 60, 90, ' - tot-sys-kda:', 4.776707530647986, 441.80663648842705, 35.46935201401051, 1142, ' - anon-only-kda:', 8.861423220973784, 944.8374136138272, 75.85393258426966, 534, 115)
('parms:', 'rural.srt', 60, 120, ' - tot-sys-kda:', 4.788966725043783, 444.80781261874847, 36.25744308231173, 1142, ' - anon-only-kda:', 8.887640449438202, 951.2556591959002, 77.53932584269663, 534, 115)
('parms:', 'rural.srt', 60, 150, ' - tot-sys-kda:', 4.783712784588442, 447.04664390817317, 36.67775831873905, 1142, ' - anon-only-kda:', 8.85981308411215, 954.2565744731472, 78.29158878504673, 535, 116)
('parms:', 'rural.srt', 80, 30, ' - tot-sys-kda:', 5.894045534150613, 455.8264179789442, 29.936077057793344, 1142, ' - anon-only-kda:', 11.289473684210526, 978.484528819463, 64.26127819548873, 532, 115)
('parms:', 'rural.srt', 80, 60, ' - tot-sys-kda:', 5.938704028021016, 457.18799300949826, 30.71891418563923, 1142, ' - anon-only-kda:', 11.346441947565543, 977.7316254997135, 65.69475655430712, 534, 115)
('parms:', 'rural.srt', 80, 90, ' - tot-sys-kda:', 5.984238178633976, 456.737300325305, 31.274956217162874, 1142, ' - anon-only-kda:', 11.4438202247191, 976.7677845908208, 66.88389513108615, 534, 115)
('parms:', 'rural.srt', 80, 120, ' - tot-sys-kda:', 6.028021015761821, 460.8182676915464, 32.60332749562172, 1142, ' - anon-only-kda:', 11.537453183520599, 985.4952466362284, 69.7247191011236, 534, 115)
('parms:', 'rural.srt', 80, 150, ' - tot-sys-kda:', 6.058669001751314, 460.4893047870822, 33.26182136602452, 1142, ' - anon-only-kda:', 11.581308411214954, 982.9510019941081, 71.0, 535, 116)
('parms:', 'rural.srt', 100, 30, ' - tot-sys-kda:', 6.908056042031523, 478.043797064814, 27.09457092819615, 1142, ' - anon-only-kda:', 13.466165413533835, 1026.1767222707097, 58.161654135338345, 532, 115)
('parms:', 'rural.srt', 100, 60, ' - tot-sys-kda:', 7.0394045534150615, 482.20110032563025, 28.392294220665498, 1142, ' - anon-only-kda:', 13.700374531835205, 1031.2240759772842, 60.71910112359551, 534, 115)
('parms:', 'rural.srt', 100, 90, ' - tot-sys-kda:', 7.065674255691769, 481.72760664616, 28.628721541155866, 1142, ' - anon-only-kda:', 13.756554307116104, 1030.2114733893534, 61.2247191011236, 534, 115)
('parms:', 'rural.srt', 100, 120, ' - tot-sys-kda:', 7.109457092819615, 479.11591307781663, 29.3415061295972, 1142, ' - anon-only-kda:', 13.850187265917603, 1024.6261661701622, 62.749063670411985, 534, 115)
('parms:', 'rural.srt', 100, 150, ' - tot-sys-kda:', 7.140980735551664, 477.492885250495, 29.817863397548162, 1142, ' - anon-only-kda:', 13.891588785046729, 1019.2464952449819, 63.64859813084112, 535, 116)
('parms:', 'urban.srt', 20, 30, ' - tot-sys-kda:', 6.963112005365526, 443.62110064901066, 33.30136373798346, 4473, ' - anon-only-kda:', 12.437747470303563, 872.9948012331829, 65.5332160140783, 2273, 675)
('parms:', 'urban.srt', 20, 60, ' - tot-sys-kda:', 7.107981220657277, 453.70859350033794, 35.17996870109546, 4473, ' - anon-only-kda:', 12.689776217639315, 890.4951903146167, 69.04782799473453, 2279, 680)
('parms:', 'urban.srt', 20, 90, ' - tot-sys-kda:', 7.233400402414487, 462.83162868495293, 37.0261569416499, 4473, ' - anon-only-kda:', 12.902407002188184, 906.0157002659932, 72.48052516411379, 2285, 685)
('parms:', 'urban.srt', 20, 120, ' - tot-sys-kda:', 7.3945897607869435, 470.75636046908687, 39.080930024592, 4473, ' - anon-only-kda:', 13.156794425087108, 917.1137632309345, 76.13632404181185, 2296, 691)
('parms:', 'urban.srt', 20, 150, ' - tot-sys-kda:', 7.4739548401520235, 474.29314872321345, 40.9096803040465, 4473, ' - anon-only-kda:', 13.25943600867679, 920.3962057435722, 79.387852494577, 2305, 700)
('parms:', 'urban.srt', 40, 30, ' - tot-sys-kda:', 13.064833445115136, 468.08500898124436, 29.746702436843282, 4473, ' - anon-only-kda:', 24.44522657281126, 921.1369314443933, 58.538055433348, 2273, 675)
('parms:', 'urban.srt', 40, 60, ' - tot-sys-kda:', 13.238318801699084, 474.4814490598902, 31.71920411357031, 4473, ' - anon-only-kda:', 24.721807810443178, 931.2661349911755, 62.25537516454585, 2279, 680)
('parms:', 'urban.srt', 40, 90, ' - tot-sys-kda:', 13.39526045159848, 480.2303340068921, 33.43125419181757, 4473, ' - anon-only-kda:', 24.964551422319474, 940.0745225439074, 65.44332603938732, 2285, 685)
('parms:', 'urban.srt', 40, 120, ' - tot-sys-kda:', 13.58573664207467, 486.76902213375257, 35.374469036440864, 4473, ' - anon-only-kda:', 25.218205574912893, 948.309162022768, 68.91550522648083, 2296, 691)
('parms:', 'urban.srt', 40, 150, ' - tot-sys-kda:', 13.732617929801028, 492.4477938267591, 37.40442655935614, 4473, ' - anon-only-kda:', 25.40477223427332, 955.626456306765, 72.58568329718004, 2305, 700)
('parms:', 'urban.srt', 60, 30, ' - tot-sys-kda:', 19.064386317907445, 480.33464414751097, 26.138832997987926, 4473, ' - anon-only-kda:', 36.251649802023756, 945.2427907047147, 51.4381874175099, 2273, 675)
('parms:', 'urban.srt', 60, 60, ' - tot-sys-kda:', 19.307176391683434, 484.9400609559774, 28.02034428794992, 4473, ' - anon-only-kda:', 36.63317244405441, 951.7932833067516, 54.99561211057481, 2279, 680)
('parms:', 'urban.srt', 60, 90, ' - tot-sys-kda:', 19.568745808182427, 489.98802758013585, 29.89514866979656, 4473, ' - anon-only-kda:', 37.04945295404814, 959.1756881251412, 58.521225382932165, 2285, 685)
('parms:', 'urban.srt', 60, 120, ' - tot-sys-kda:', 19.789626648781578, 496.8649030682808, 31.917952157388775, 4473, ' - anon-only-kda:', 37.3044425087108, 967.9776617702179, 62.18162020905923, 2296, 691)
('parms:', 'urban.srt', 60, 150, ' - tot-sys-kda:', 19.970042477084732, 500.90263176585927, 33.58372456964006, 4473, ' - anon-only-kda:', 37.50889370932755, 972.0336103638562, 65.17136659436008, 2305, 700)
('parms:', 'urban.srt', 80, 30, ' - tot-sys-kda:', 24.80192264699307, 491.1512327530809, 23.16342499441091, 4473, ' - anon-only-kda:', 47.542454905411354, 966.5285807763004, 45.58293004839419, 2273, 675)
('parms:', 'urban.srt', 80, 60, ' - tot-sys-kda:', 25.223116476637603, 494.0487226309994, 25.046277665995976, 4473, ' - anon-only-kda:', 48.24440544098289, 969.6708803547435, 49.158402808249235, 2279, 680)
('parms:', 'urban.srt', 80, 90, ' - tot-sys-kda:', 25.411804158283033, 496.31175649762326, 26.48267382070199, 4473, ' - anon-only-kda:', 48.48752735229759, 971.5546988244503, 51.841137855579866, 2285, 685)
('parms:', 'urban.srt', 80, 120, ' - tot-sys-kda:', 25.722781131231834, 501.4924296925844, 28.286161412921977, 4473, ' - anon-only-kda:', 48.863240418118465, 976.9928736998824, 55.106271777003485, 2296, 691)
('parms:', 'urban.srt', 80, 150, ' - tot-sys-kda:', 25.926671137938744, 506.63817560880125, 30.263357925329757, 4473, ' - anon-only-kda:', 49.06811279826464, 983.163800216125, 58.72798264642083, 2305, 700)
('parms:', 'urban.srt', 100, 30, ' - tot-sys-kda:', 30.299575229152694, 498.72348495412444, 19.58864296892466, 4473, ' - anon-only-kda:', 58.36119665640123, 981.4298936206769, 38.54817421909371, 2273, 675)
('parms:', 'urban.srt', 100, 60, ' - tot-sys-kda:', 30.693717862731948, 502.0720400746927, 21.310976972948804, 4473, ' - anon-only-kda:', 58.981570864414216, 985.4182690891182, 41.82711715664765, 2279, 680)
('parms:', 'urban.srt', 100, 90, ' - tot-sys-kda:', 31.034875922199866, 505.2236190190808, 23.221104404202997, 4473, ' - anon-only-kda:', 59.49496717724289, 989.0001084780519, 45.456455142231945, 2285, 685)
('parms:', 'urban.srt', 100, 120, ' - tot-sys-kda:', 31.45472837022133, 509.3631339521308, 25.176615247037784, 4473, ' - anon-only-kda:', 60.03005226480836, 992.3263493762548, 49.04834494773519, 2296, 691)
('parms:', 'urban.srt', 100, 150, ' - tot-sys-kda:', 31.713391459870333, 511.42704520488513, 26.966018332215516, 4473, ' - anon-only-kda:', 60.29761388286334, 992.4569081134277, 52.329284164859004, 2305, 700)
('parms:', 'city.srt', 20, 30, ' - tot-sys-kda:', 16.197705723984548, 362.30444978329234, 29.421982909984784, 8543, ' - anon-only-kda:', 30.083785004516713, 698.9988515127973, 56.764227642276424, 4428, 1051)
('parms:', 'city.srt', 20, 60, ' - tot-sys-kda:', 16.3247102891256, 365.00968280232723, 30.85403254126185, 8543, ' - anon-only-kda:', 30.22097209720972, 701.6826553060939, 59.312781278127815, 4444, 1061)
('parms:', 'city.srt', 20, 90, ' - tot-sys-kda:', 16.50591127238675, 367.88514062802966, 32.2187756057591, 8543, ' - anon-only-kda:', 30.52190518984498, 706.0981254516417, 61.838912603909236, 4451, 1065)
('parms:', 'city.srt', 20, 120, ' - tot-sys-kda:', 16.668032307152053, 370.8777726259817, 33.521011354325175, 8543, ' - anon-only-kda:', 30.757731958762886, 710.0871384006638, 64.17974002689377, 4462, 1073)
('parms:', 'city.srt', 20, 150, ' - tot-sys-kda:', 16.865620976237857, 374.7987058916377, 34.977759569237975, 8543, ' - anon-only-kda:', 30.991969663171982, 714.2327335338525, 66.65514164621905, 4483, 1086)
('parms:', 'city.srt', 40, 30, ' - tot-sys-kda:', 31.573920168559056, 371.6534176064771, 25.53213156970619, 8543, ' - anon-only-kda:', 59.74932249322493, 717.0359409693166, 49.25948509485095, 4428, 1051)
('parms:', 'city.srt', 40, 60, ' - tot-sys-kda:', 31.831792110499823, 374.21550722791073, 26.905653751609506, 8543, ' - anon-only-kda:', 60.03127812781278, 719.3796305688661, 51.72254725472547, 4444, 1061)
('parms:', 'city.srt', 40, 90, ' - tot-sys-kda:', 32.11740606344375, 376.7465893852449, 28.209645323656794, 8543, ' - anon-only-kda:', 60.48573354302404, 723.1062936684222, 54.144012581442375, 4451, 1065)
('parms:', 'city.srt', 40, 120, ' - tot-sys-kda:', 32.23130047992508, 379.0244790253232, 29.464239728432634, 8543, ' - anon-only-kda:', 60.55535634244733, 725.684922526521, 56.41259524876737, 4462, 1073)
('parms:', 'city.srt', 40, 150, ' - tot-sys-kda:', 32.62928713566663, 382.3795098964993, 30.97307737328807, 8543, ' - anon-only-kda:', 61.03189828240018, 728.6790437309377, 59.02364488066027, 4483, 1086)
('parms:', 'city.srt', 60, 30, ' - tot-sys-kda:', 45.09282453470678, 378.22158129377584, 22.550275079012057, 8543, ' - anon-only-kda:', 85.83152664859982, 729.7079875773999, 43.50654923215899, 4428, 1051)
('parms:', 'city.srt', 60, 60, ' - tot-sys-kda:', 45.807210581762845, 380.2690729839178, 23.676928479456866, 8543, ' - anon-only-kda:', 86.89716471647165, 731.0168070435666, 45.515751575157516, 4444, 1061)
('parms:', 'city.srt', 60, 90, ' - tot-sys-kda:', 46.510008193842914, 382.2489431770323, 24.88423270513871, 8543, ' - anon-only-kda:', 88.11008762075937, 733.6672032265528, 47.76140193215008, 4451, 1065)
('parms:', 'city.srt', 60, 120, ' - tot-sys-kda:', 46.98536813765656, 383.8986280008434, 25.931054664637713, 8543, ' - anon-only-kda:', 88.80367548184671, 735.0170280168546, 49.647915732855225, 4462, 1073)
('parms:', 'city.srt', 60, 150, ' - tot-sys-kda:', 47.49806859417067, 386.83168884680384, 27.159896991689102, 8543, ' - anon-only-kda:', 89.36649565023421, 737.1633097966195, 51.757082310952484, 4483, 1086)
('parms:', 'city.srt', 80, 30, ' - tot-sys-kda:', 56.06917944515978, 382.2324342867423, 20.53517499707363, 8543, ' - anon-only-kda:', 107.0083559168925, 737.4461802420144, 39.61878952122854, 4428, 1051)
('parms:', 'city.srt', 80, 60, ' - tot-sys-kda:', 57.40524405946389, 384.40886626427755, 21.403956455577667, 8543, ' - anon-only-kda:', 109.19284428442845, 738.975010012539, 41.146264626462646, 4444, 1061)
('parms:', 'city.srt', 80, 90, ' - tot-sys-kda:', 58.59253189745991, 386.3706557460282, 22.298489991806157, 8543, ' - anon-only-kda:', 111.30060660525724, 741.578187382233, 42.7984722534262, 4451, 1065)
('parms:', 'city.srt', 80, 120, ' - tot-sys-kda:', 59.52300128760388, 387.91934447140113, 23.16692028561395, 8543, ' - anon-only-kda:', 112.80838189152847, 742.715141151766, 44.355670103092784, 4462, 1073)
('parms:', 'city.srt', 80, 150, ' - tot-sys-kda:', 60.46693199110383, 391.0841443840784, 24.456162940419055, 8543, ' - anon-only-kda:', 114.08052643319206, 745.2669742300205, 46.60472897613205, 4483, 1086)
('parms:', 'city.srt', 100, 30, ' - tot-sys-kda:', 66.72269694486714, 389.4226525264676, 18.737797026805573, 8543, ' - anon-only-kda:', 127.56233062330624, 751.3183650708249, 36.15108401084011, 4428, 1051)
('parms:', 'city.srt', 100, 60, ' - tot-sys-kda:', 68.23223691911507, 390.99456581314246, 19.484022006320963, 8543, ' - anon-only-kda:', 130.006300630063, 751.6351430561828, 37.45544554455446, 4444, 1061)
('parms:', 'city.srt', 100, 90, ' - tot-sys-kda:', 69.72351632915837, 392.534909854373, 20.32190097155566, 8543, ' - anon-only-kda:', 132.66479442821839, 753.4095113201322, 39.004718040889685, 4451, 1065)
('parms:', 'city.srt', 100, 120, ' - tot-sys-kda:', 70.99250848648016, 394.21626390319744, 21.218658550860354, 8543, ' - anon-only-kda:', 134.7680412371134, 754.7713004314244, 40.625504258180186, 4462, 1073)
('parms:', 'city.srt', 100, 150, ' - tot-sys-kda:', 72.24288891490109, 396.9608250958925, 22.237972609153694, 8543, ' - anon-only-kda:', 136.52130269908542, 756.4658328784764, 42.377648895828685, 4483, 1086)
Mon Jan 19 15:19:07 2015
