Sun Jan 18 20:38:37 2015
('GLR parms:', 'rural.srt', 20, 30, ' - tot-sys-kdt:', 0.9562171628721541, 454.41830579573843, 241.922942206655, 1142, ' - anon-only-kda:', 2.0, 950.4500095581196, 506.0, 546, 'na')
('GLR parms:', 'rural.srt', 20, 60, ' - tot-sys-kdt:', 1.5936952714535901, 759.8783754835479, 170.9859894921191, 1142, ' - anon-only-kda:', 2.0, 953.60560967276, 214.57802197802198, 910, 'na')
('GLR parms:', 'rural.srt', 20, 90, ' - tot-sys-kdt:', 1.9509632224168125, 920.2429560923088, 142.47898423817864, 1142, ' - anon-only-kda:', 2.0, 943.3729406260472, 146.06014362657092, 1114, 'na')
('GLR parms:', 'rural.srt', 20, 120, ' - tot-sys-kdt:', 2.2101576182136604, 1027.056313753683, 114.31961471103328, 1142, ' - anon-only-kda:', 2.0, 929.3964423983407, 103.44928684627575, 1262, 'na')
('GLR parms:', 'rural.srt', 20, 150, ' - tot-sys-kdt:', 2.3817863397548162, 1099.4974575968095, 101.26795096322242, 1142, ' - anon-only-kda:', 2.0, 923.2544827761443, 85.03529411764706, 1360, 'na')
('GLR parms:', 'rural.srt', 40, 30, ' - tot-sys-kdt:', 0.9562171628721541, 454.41830579573843, 239.31348511383538, 1142, ' - anon-only-kda:', 2.0, 950.4500095581196, 500.54212454212455, 546, 'na')
('GLR parms:', 'rural.srt', 40, 60, ' - tot-sys-kdt:', 1.5936952714535901, 759.8783754835479, 166.90542907180387, 1142, ' - anon-only-kda:', 2.0, 953.60560967276, 209.45714285714286, 910, 'na')
('GLR parms:', 'rural.srt', 40, 90, ' - tot-sys-kdt:', 1.9509632224168125, 920.2429560923088, 137.784588441331, 1142, ' - anon-only-kda:', 2.0, 943.3729406260472, 141.24775583482943, 1114, 'na')
('GLR parms:', 'rural.srt', 40, 120, ' - tot-sys-kdt:', 2.2101576182136604, 1027.056313753683, 109.18651488616463, 1142, ' - anon-only-kda:', 2.0, 929.3964423983407, 98.80427892234549, 1262, 'na')
('GLR parms:', 'rural.srt', 40, 150, ' - tot-sys-kdt:', 2.3817863397548162, 1099.4974575968095, 95.784588441331, 1142, ' - anon-only-kda:', 2.0, 923.2544827761443, 80.43088235294118, 1360, 'na')
('GLR parms:', 'rural.srt', 60, 30, ' - tot-sys-kdt:', 0.9562171628721541, 454.41830579573843, 236.723292469352, 1142, ' - anon-only-kda:', 2.0, 950.4500095581196, 495.12454212454213, 546, 'na')
('GLR parms:', 'rural.srt', 60, 60, ' - tot-sys-kdt:', 1.5936952714535901, 759.8783754835479, 162.88353765323993, 1142, ' - anon-only-kda:', 2.0, 953.60560967276, 204.4098901098901, 910, 'na')
('GLR parms:', 'rural.srt', 60, 90, ' - tot-sys-kdt:', 1.9509632224168125, 920.2429560923088, 133.16199649737302, 1142, ' - anon-only-kda:', 2.0, 943.3729406260472, 136.50897666068224, 1114, 'na')
('GLR parms:', 'rural.srt', 60, 120, ' - tot-sys-kdt:', 2.2101576182136604, 1027.056313753683, 104.13660245183888, 1142, ' - anon-only-kda:', 2.0, 929.3964423983407, 94.23454833597464, 1262, 'na')
('GLR parms:', 'rural.srt', 60, 150, ' - tot-sys-kdt:', 2.3817863397548162, 1099.4974575968095, 90.37653239929948, 1142, ' - anon-only-kda:', 2.0, 923.2544827761443, 75.88970588235294, 1360, 'na')
('GLR parms:', 'rural.srt', 80, 30, ' - tot-sys-kdt:', 0.9562171628721541, 454.41830579573843, 234.56042031523643, 1142, ' - anon-only-kda:', 2.0, 950.4500095581196, 490.6007326007326, 546, 'na')
('GLR parms:', 'rural.srt', 80, 60, ' - tot-sys-kdt:', 1.5936952714535901, 759.8783754835479, 159.59369527145358, 1142, ' - anon-only-kda:', 2.0, 953.60560967276, 200.28131868131868, 910, 'na')
('GLR parms:', 'rural.srt', 80, 90, ' - tot-sys-kdt:', 1.9509632224168125, 920.2429560923088, 129.27057793345008, 1142, ' - anon-only-kda:', 2.0, 943.3729406260472, 132.5197486535009, 1114, 'na')
('GLR parms:', 'rural.srt', 80, 120, ' - tot-sys-kdt:', 2.2101576182136604, 1027.056313753683, 99.76882661996497, 1142, ' - anon-only-kda:', 2.0, 929.3964423983407, 90.28209191759113, 1262, 'na')
('GLR parms:', 'rural.srt', 80, 150, ' - tot-sys-kdt:', 2.3817863397548162, 1099.4974575968095, 85.51751313485114, 1142, ' - anon-only-kda:', 2.0, 923.2544827761443, 71.80955882352941, 1360, 'na')
('GLR parms:', 'rural.srt', 100, 30, ' - tot-sys-kdt:', 0.9562171628721541, 454.41830579573843, 232.42907180385288, 1142, ' - anon-only-kda:', 2.0, 950.4500095581196, 486.14285714285717, 546, 'na')
('GLR parms:', 'rural.srt', 100, 60, ' - tot-sys-kdt:', 1.5936952714535901, 759.8783754835479, 156.37740805604204, 1142, ' - anon-only-kda:', 2.0, 953.60560967276, 196.24505494505493, 910, 'na')
('GLR parms:', 'rural.srt', 100, 90, ' - tot-sys-kdt:', 1.9509632224168125, 920.2429560923088, 125.47898423817864, 1142, ' - anon-only-kda:', 2.0, 943.3729406260472, 128.63285457809695, 1114, 'na')
('GLR parms:', 'rural.srt', 100, 120, ' - tot-sys-kdt:', 2.2101576182136604, 1027.056313753683, 95.46584938704028, 1142, ' - anon-only-kda:', 2.0, 929.3964423983407, 86.38827258320127, 1262, 'na')
('GLR parms:', 'rural.srt', 100, 150, ' - tot-sys-kdt:', 2.3817863397548162, 1099.4974575968095, 80.75919439579685, 1142, ' - anon-only-kda:', 2.0, 923.2544827761443, 67.81397058823529, 1360, 'na')
('GLR parms:', 'urban.srt', 20, 30, ' - tot-sys-kdt:', 1.153588195841717, 342.5094770817732, 212.5640509725017, 4473, ' - anon-only-kda:', 2.0, 593.8158492196789, 368.5267441860465, 2580, 'na')
('GLR parms:', 'urban.srt', 20, 60, ' - tot-sys-kdt:', 1.5828303152246814, 494.7280518821658, 172.8790520903197, 4473, ' - anon-only-kda:', 2.0, 625.1182418273806, 218.44293785310734, 3540, 'na')
('GLR parms:', 'urban.srt', 20, 90, ' - tot-sys-kdt:', 1.7974513749161636, 572.0754057492956, 151.20210149787616, 4473, ' - anon-only-kda:', 2.0, 636.5406193822386, 168.2405472636816, 4020, 'na')
('GLR parms:', 'urban.srt', 20, 120, ' - tot-sys-kdt:', 1.9226469930695282, 620.2699679708963, 142.68745808182427, 4473, ' - anon-only-kda:', 2.0, 645.2250155194929, 148.4281395348837, 4300, 'na')
('GLR parms:', 'urban.srt', 20, 150, ' - tot-sys-kdt:', 1.9959758551307847, 634.5634474354351, 137.1090990386765, 4473, ' - anon-only-kda:', 2.0, 635.8428092246195, 137.38552867383513, 4464, 'na')
('GLR parms:', 'urban.srt', 40, 30, ' - tot-sys-kdt:', 1.153588195841717, 342.5094770817732, 208.36597361949475, 4473, ' - anon-only-kda:', 2.0, 593.8158492196789, 361.2484496124031, 2580, 'na')
('GLR parms:', 'urban.srt', 40, 60, ' - tot-sys-kdt:', 1.5828303152246814, 494.7280518821658, 167.56718086295552, 4473, ' - anon-only-kda:', 2.0, 625.1182418273806, 211.73107344632768, 3540, 'na')
('GLR parms:', 'urban.srt', 40, 90, ' - tot-sys-kdt:', 1.7974513749161636, 572.0754057492956, 145.32908562486028, 4473, ' - anon-only-kda:', 2.0, 636.5406193822386, 161.70572139303482, 4020, 'na')
('GLR parms:', 'urban.srt', 40, 120, ' - tot-sys-kdt:', 1.9226469930695282, 620.2699679708963, 136.48871003800582, 4473, ' - anon-only-kda:', 2.0, 645.2250155194929, 141.98, 4300, 'na')
('GLR parms:', 'urban.srt', 40, 150, ' - tot-sys-kdt:', 1.9959758551307847, 634.5634474354351, 130.7654817795663, 4473, ' - anon-only-kda:', 2.0, 635.8428092246195, 131.02912186379928, 4464, 'na')
('GLR parms:', 'urban.srt', 60, 30, ' - tot-sys-kdt:', 1.153588195841717, 342.5094770817732, 204.48871003800582, 4473, ' - anon-only-kda:', 2.0, 593.8158492196789, 354.52635658914727, 2580, 'na')
('GLR parms:', 'urban.srt', 60, 60, ' - tot-sys-kdt:', 1.5828303152246814, 494.7280518821658, 162.56382740889782, 4473, ' - anon-only-kda:', 2.0, 625.1182418273806, 205.4090395480226, 3540, 'na')
('GLR parms:', 'urban.srt', 60, 90, ' - tot-sys-kdt:', 1.7974513749161636, 572.0754057492956, 139.70936731500112, 4473, ' - anon-only-kda:', 2.0, 636.5406193822386, 155.45273631840797, 4020, 'na')
('GLR parms:', 'urban.srt', 60, 120, ' - tot-sys-kdt:', 1.9226469930695282, 620.2699679708963, 130.57075788061704, 4473, ' - anon-only-kda:', 2.0, 645.2250155194929, 135.8239534883721, 4300, 'na')
('GLR parms:', 'urban.srt', 60, 150, ' - tot-sys-kdt:', 1.9959758551307847, 634.5634474354351, 124.71137938743573, 4473, ' - anon-only-kda:', 2.0, 635.8428092246195, 124.96281362007169, 4464, 'na')
('GLR parms:', 'urban.srt', 80, 30, ' - tot-sys-kdt:', 1.153588195841717, 342.5094770817732, 200.75832774424325, 4473, ' - anon-only-kda:', 2.0, 593.8158492196789, 348.05891472868217, 2580, 'na')
('GLR parms:', 'urban.srt', 80, 60, ' - tot-sys-kdt:', 1.5828303152246814, 494.7280518821658, 157.70847306058573, 4473, ' - anon-only-kda:', 2.0, 625.1182418273806, 199.27401129943502, 3540, 'na')
('GLR parms:', 'urban.srt', 80, 90, ' - tot-sys-kdt:', 1.7974513749161636, 572.0754057492956, 134.20634920634922, 4473, ' - anon-only-kda:', 2.0, 636.5406193822386, 149.32960199004975, 4020, 'na')
('GLR parms:', 'urban.srt', 80, 120, ' - tot-sys-kdt:', 1.9226469930695282, 620.2699679708963, 124.76637603398167, 4473, ' - anon-only-kda:', 2.0, 645.2250155194929, 129.78604651162792, 4300, 'na')
('GLR parms:', 'urban.srt', 80, 150, ' - tot-sys-kdt:', 1.9959758551307847, 634.5634474354351, 118.7507265817125, 4473, ' - anon-only-kda:', 2.0, 635.8428092246195, 118.99014336917563, 4464, 'na')
('GLR parms:', 'urban.srt', 100, 30, ' - tot-sys-kdt:', 1.153588195841717, 342.5094770817732, 197.14039794321485, 4473, ' - anon-only-kda:', 2.0, 593.8158492196789, 341.78643410852715, 2580, 'na')
('GLR parms:', 'urban.srt', 100, 60, ' - tot-sys-kdt:', 1.5828303152246814, 494.7280518821658, 153.02436843281913, 4473, ' - anon-only-kda:', 2.0, 625.1182418273806, 193.3553672316384, 3540, 'na')
('GLR parms:', 'urban.srt', 100, 90, ' - tot-sys-kdt:', 1.7974513749161636, 572.0754057492956, 128.86832103733514, 4473, ' - anon-only-kda:', 2.0, 636.5406193822386, 143.3900497512438, 4020, 'na')
('GLR parms:', 'urban.srt', 100, 120, ' - tot-sys-kdt:', 1.9226469930695282, 620.2699679708963, 119.12653699977643, 4473, ' - anon-only-kda:', 2.0, 645.2250155194929, 123.9193023255814, 4300, 'na')
('GLR parms:', 'urban.srt', 100, 150, ' - tot-sys-kdt:', 1.9959758551307847, 634.5634474354351, 112.91035099485804, 4473, ' - anon-only-kda:', 2.0, 635.8428092246195, 113.13799283154121, 4464, 'na')
('GLR parms:', 'city.srt', 20, 30, ' - tot-sys-kdt:', 1.4809785789535292, 410.7839717683025, 201.51773381716023, 8543, ' - anon-only-kda:', 2.0, 554.7466757534947, 272.14132153019284, 6326, 'na')
('GLR parms:', 'city.srt', 20, 60, ' - tot-sys-kdt:', 1.7712747278473604, 481.4779880596146, 163.70221233758633, 8543, ' - anon-only-kda:', 2.0, 543.6513946594353, 184.84113137721386, 7566, 'na')
('GLR parms:', 'city.srt', 20, 90, ' - tot-sys-kdt:', 1.8934800421397635, 622.5633829798738, 144.247571110851, 8543, ' - anon-only-kda:', 2.0, 657.5864219580936, 152.3623887240356, 8088, 'na')
('GLR parms:', 'city.srt', 20, 120, ' - tot-sys-kdt:', 1.9655858597682312, 520.2414636218506, 134.33395762612665, 8543, ' - anon-only-kda:', 2.0, 529.350026646197, 136.68592186755598, 8396, 'na')
('GLR parms:', 'city.srt', 20, 150, ' - tot-sys-kdt:', 2.0025752077724452, 531.8701006871685, 127.9056537516095, 8543, ' - anon-only-kda:', 2.0, 531.1861433446902, 127.74117371989712, 8554, 'na')
('GLR parms:', 'city.srt', 40, 30, ' - tot-sys-kdt:', 1.4809785789535292, 410.7839717683025, 196.55249912208825, 8543, ' - anon-only-kda:', 2.0, 554.7466757534947, 265.4359785014227, 6326, 'na')
('GLR parms:', 'city.srt', 40, 60, ' - tot-sys-kdt:', 1.7712747278473604, 481.4779880596146, 157.66850052674704, 8543, ' - anon-only-kda:', 2.0, 543.6513946594353, 178.02828443034628, 7566, 'na')
('GLR parms:', 'city.srt', 40, 90, ' - tot-sys-kdt:', 1.8934800421397635, 622.5633829798738, 137.71403488235984, 8543, ' - anon-only-kda:', 2.0, 657.5864219580936, 145.4613006923838, 8088, 'na')
('GLR parms:', 'city.srt', 40, 120, ' - tot-sys-kdt:', 1.9655858597682312, 520.2414636218506, 127.52662998946506, 8543, ' - anon-only-kda:', 2.0, 529.350026646197, 129.75940924249642, 8396, 'na')
('GLR parms:', 'city.srt', 40, 150, ' - tot-sys-kdt:', 2.0025752077724452, 531.8701006871685, 120.93491747629638, 8543, ' - anon-only-kda:', 2.0, 531.1861433446902, 120.77940144961421, 8554, 'na')
('GLR parms:', 'city.srt', 60, 30, ' - tot-sys-kdt:', 1.4809785789535292, 410.7839717683025, 191.95247571110852, 8543, ' - anon-only-kda:', 2.0, 554.7466757534947, 259.22383812835915, 6326, 'na')
('GLR parms:', 'city.srt', 60, 60, ' - tot-sys-kdt:', 1.7712747278473604, 481.4779880596146, 151.95727496195715, 8543, ' - anon-only-kda:', 2.0, 543.6513946594353, 171.57956648162835, 7566, 'na')
('GLR parms:', 'city.srt', 60, 90, ' - tot-sys-kdt:', 1.8934800421397635, 622.5633829798738, 131.52042607983145, 8543, ' - anon-only-kda:', 2.0, 657.5864219580936, 138.9192631058358, 8088, 'na')
('GLR parms:', 'city.srt', 60, 120, ' - tot-sys-kdt:', 1.9655858597682312, 520.2414636218506, 121.05723984548753, 8543, ' - anon-only-kda:', 2.0, 529.350026646197, 123.17675083373035, 8396, 'na')
('GLR parms:', 'city.srt', 60, 150, ' - tot-sys-kdt:', 2.0025752077724452, 531.8701006871685, 114.28104881189277, 8543, ' - anon-only-kda:', 2.0, 531.1861433446902, 114.13408931494038, 8554, 'na')
('GLR parms:', 'city.srt', 80, 30, ' - tot-sys-kdt:', 1.4809785789535292, 410.7839717683025, 187.70314877677632, 8543, ' - anon-only-kda:', 2.0, 554.7466757534947, 253.48529876699337, 6326, 'na')
('GLR parms:', 'city.srt', 80, 60, ' - tot-sys-kdt:', 1.7712747278473604, 481.4779880596146, 146.62870186117289, 8543, ' - anon-only-kda:', 2.0, 543.6513946594353, 165.5629130319852, 7566, 'na')
('GLR parms:', 'city.srt', 80, 90, ' - tot-sys-kdt:', 1.8934800421397635, 622.5633829798738, 125.71145967458739, 8543, ' - anon-only-kda:', 2.0, 657.5864219580936, 132.78350642927794, 8088, 'na')
('GLR parms:', 'city.srt', 80, 120, ' - tot-sys-kdt:', 1.9655858597682312, 520.2414636218506, 114.97846189863046, 8543, ' - anon-only-kda:', 2.0, 529.350026646197, 116.99154359218676, 8396, 'na')
('GLR parms:', 'city.srt', 80, 150, ' - tot-sys-kdt:', 2.0025752077724452, 531.8701006871685, 108.02224043076203, 8543, ' - anon-only-kda:', 2.0, 531.1861433446902, 107.88332943652092, 8554, 'na')
('GLR parms:', 'city.srt', 100, 30, ' - tot-sys-kdt:', 1.4809785789535292, 410.7839717683025, 184.09422919349174, 8543, ' - anon-only-kda:', 2.0, 554.7466757534947, 248.61160290863106, 6326, 'na')
('GLR parms:', 'city.srt', 100, 60, ' - tot-sys-kdt:', 1.7712747278473604, 481.4779880596146, 142.07971438604704, 8543, ' - anon-only-kda:', 2.0, 543.6513946594353, 160.42651334919375, 7566, 'na')
('GLR parms:', 'city.srt', 100, 90, ' - tot-sys-kdt:', 1.8934800421397635, 622.5633829798738, 120.73358305045066, 8543, ' - anon-only-kda:', 2.0, 657.5864219580936, 127.52559347181008, 8088, 'na')
('GLR parms:', 'city.srt', 100, 120, ' - tot-sys-kdt:', 1.9655858597682312, 520.2414636218506, 109.72339927425963, 8543, ' - anon-only-kda:', 2.0, 529.350026646197, 111.64447355883755, 8396, 'na')
('GLR parms:', 'city.srt', 100, 150, ' - tot-sys-kdt:', 2.0025752077724452, 531.8701006871685, 102.60248156385344, 8543, ' - anon-only-kda:', 2.0, 531.1861433446902, 102.47054009819968, 8554, 'na')
Mon Jan 19 20:10:39 2015
